============================= test session starts ==============================
platform linux -- Python 3.12.12, pytest-9.0.2, pluggy-1.6.0
rootdir: /app
configfile: pyproject.toml
plugins: cov-7.0.0, asyncio-1.3.0
asyncio: mode=Mode.AUTO, debug=False, asyncio_default_fixture_loop_scope=None, asyncio_default_test_loop_scope=function
collected 434 items

tests/test_adapters_phase4.py ....                                       [  0%]
tests/test_antibody.py ......                                            [  2%]
tests/test_architecture.py ......                                        [  3%]
tests/test_architecture_fixes.py ....                                    [  4%]
tests/test_builder.py ................                                   [  8%]
tests/test_cli.py ...........                                            [ 10%]
tests/test_compliance.py ..........                                      [ 13%]
tests/test_computer_use.py ..                                            [ 13%]
tests/test_core_kernel.py ..                                             [ 14%]
tests/test_core_refactor.py ....                                         [ 14%]
tests/test_coverage_completion_final.py .......                          [ 16%]
tests/test_coverage_gap.py ............................................  [ 26%]
tests/test_cross_field_validation.py .....                               [ 27%]
tests/test_diff_coverage.py ....                                         [ 28%]
tests/test_diff_coverage_dict.py ..                                      [ 29%]
tests/test_diff_rfc6902.py .........                                     [ 31%]
tests/test_domain_fixes.py .............                                 [ 34%]
tests/test_domain_vocabulary.py ......                                   [ 35%]
tests/test_edge_cases.py ...........                                     [ 38%]
tests/test_emergence.py ..                                               [ 38%]
tests/test_ensemble_reasoning.py ...                                     [ 39%]
tests/test_errors.py ...                                                 [ 40%]
tests/test_flow_coverage.py ...                                          [ 40%]
tests/test_flow_coverage_gap.py ....                                     [ 41%]
tests/test_flow_schema.py ..                                             [ 42%]
tests/test_full_suite_integrity.py .                                     [ 42%]
tests/test_gatekeeper_coverage.py ...                                    [ 43%]
tests/test_governance_fixes.py .....................                     [ 47%]
tests/test_governance_tools.py ..                                        [ 48%]
tests/test_graph_rag.py ..                                               [ 48%]
tests/test_greenfield_fixes.py ......................                    [ 53%]
tests/test_greenfield_refactor.py .......                                [ 55%]
tests/test_immutable_state.py ..                                         [ 55%]
tests/test_integrity_canonical.py ....                                   [ 56%]
tests/test_loader.py ......                                              [ 58%]
tests/test_loader_coverage.py ......                                     [ 59%]
tests/test_loader_coverage_final.py .............                        [ 62%]
tests/test_loader_manifest.py ............                               [ 65%]
tests/test_loader_sandbox.py ...                                         [ 66%]
tests/test_loader_security.py .........                                  [ 68%]
tests/test_merkle.py .....                                               [ 69%]
tests/test_mock_coverage.py ...........                                  [ 71%]
tests/test_observability.py ..............                               [ 75%]
tests/test_phase2_inspector.py ..                                        [ 75%]
tests/test_phase3_resilience.py ...................................      [ 83%]
tests/test_phase3_templates.py ...                                       [ 84%]
tests/test_phase5_builder.py ....                                        [ 85%]
tests/test_red_teaming.py ..                                             [ 85%]
tests/test_refactor_verification.py ..........                           [ 88%]
tests/test_registry_pattern.py ........                                  [ 89%]
tests/test_request_coverage.py ......                                    [ 91%]
tests/test_resilience_diagnosis.py ...                                   [ 91%]
tests/test_s2a_bot.py ....                                               [ 92%]
tests/test_semantic_routing.py ..                                        [ 93%]
tests/test_swarm_integrity.py .                                          [ 93%]
tests/test_validator_phase3a.py .............                            [ 96%]
tests/test_validators.py ...                                             [ 97%]
tests/test_visualizer_coverage.py ...                                    [ 97%]
tests/test_visualizer_phase3b.py .........                               [100%]

=============================== warnings summary ===============================
tests/test_coverage_gap.py::test_loader_exception_handling_in_lock
  /app/tests/test_coverage_gap.py:217: RuntimeSecurityWarning: Dynamic Code Execution: Loading agent from broken.py. Ensure this code is trusted.
    load_agent_from_ref("broken.py:Agent", root_dir=p)

tests/test_coverage_gap.py::test_loader_exception_handling_in_lock
  /app/tests/test_coverage_gap.py:217: RuntimeSecurityWarning: Host Process Execution: Code in broken.py is executing within the host Python process. Ensure strict governance until Wasm sandboxing is implemented.
    load_agent_from_ref("broken.py:Agent", root_dir=p)

tests/test_coverage_gap.py::test_loader_exception_paths
  /app/tests/test_coverage_gap.py:461: RuntimeSecurityWarning: Dynamic Code Execution: Loading agent from dummy.py. Ensure this code is trusted.
    load_agent_from_ref("dummy.py:Agent", root_dir=p)

tests/test_coverage_gap.py::test_loader_exception_paths
  /app/tests/test_coverage_gap.py:470: RuntimeSecurityWarning: Dynamic Code Execution: Loading agent from dummy.py. Ensure this code is trusted.
    load_agent_from_ref("dummy.py:Agent", root_dir=p)

tests/test_coverage_gap.py::test_loader_cleanup_deps
  /app/tests/test_coverage_gap.py:493: RuntimeSecurityWarning: Dynamic Code Execution: Loading agent from agent1.py. Ensure this code is trusted.
    load_agent_from_ref("agent1.py:Agent", root_dir=p)

tests/test_coverage_gap.py::test_loader_cleanup_deps
  /app/tests/test_coverage_gap.py:493: RuntimeSecurityWarning: Host Process Execution: Code in agent1.py is executing within the host Python process. Ensure strict governance until Wasm sandboxing is implemented.
    load_agent_from_ref("agent1.py:Agent", root_dir=p)

tests/test_coverage_gap.py::test_loader_cleanup_deps
  /app/tests/test_coverage_gap.py:512: RuntimeSecurityWarning: Dynamic Code Execution: Loading agent from agent2.py. Ensure this code is trusted.
    load_agent_from_ref("agent2.py:Agent", root_dir=p)

tests/test_coverage_gap.py::test_loader_cleanup_deps
  /app/tests/test_coverage_gap.py:512: RuntimeSecurityWarning: Host Process Execution: Code in agent2.py is executing within the host Python process. Ensure strict governance until Wasm sandboxing is implemented.
    load_agent_from_ref("agent2.py:Agent", root_dir=p)

tests/test_coverage_gap.py::test_loader_execution_exception_propagation
  /app/tests/test_coverage_gap.py:617: RuntimeSecurityWarning: Dynamic Code Execution: Loading agent from fail.py. Ensure this code is trusted.
    load_agent_from_ref("fail.py:Agent", root_dir=p)

tests/test_coverage_gap.py::test_loader_execution_exception_propagation
  /app/tests/test_coverage_gap.py:617: RuntimeSecurityWarning: Host Process Execution: Code in fail.py is executing within the host Python process. Ensure strict governance until Wasm sandboxing is implemented.
    load_agent_from_ref("fail.py:Agent", root_dir=p)

tests/test_domain_fixes.py::test_agent_loading_log
  /app/tests/test_domain_fixes.py:172: RuntimeSecurityWarning: Host Process Execution: Code in my_agent.py is executing within the host Python process. Ensure strict governance until Wasm sandboxing is implemented.
    load_agent_from_ref(f"{py_file.name}:MyAgent", root_dir=tmp_path)

tests/test_greenfield_refactor.py::test_sarif_audit_log_format
  /app/tests/test_greenfield_refactor.py:63: RuntimeSecurityWarning: Host Process Execution: Code in test_agent.py is executing within the host Python process. Ensure strict governance until Wasm sandboxing is implemented.
    load_agent_from_ref(f"{agent_file.name}:TestAgent", root_dir=tmp_path)

tests/test_loader_coverage.py::test_loader_execution_success
  /app/tests/test_loader_coverage.py:128: RuntimeSecurityWarning: Dynamic Code Execution: Loading agent from agent.py. Ensure this code is trusted.
    cls = load_agent_from_ref("agent.py:Agent", root_dir=jail)

tests/test_loader_coverage.py::test_loader_execution_success
  /app/tests/test_loader_coverage.py:128: RuntimeSecurityWarning: Host Process Execution: Code in agent.py is executing within the host Python process. Ensure strict governance until Wasm sandboxing is implemented.
    cls = load_agent_from_ref("agent.py:Agent", root_dir=jail)

tests/test_loader_coverage_final.py::test_load_agent_exec_fail
  /app/tests/test_loader_coverage_final.py:116: RuntimeSecurityWarning: Dynamic Code Execution: Loading agent from bad.py. Ensure this code is trusted.
    load_agent_from_ref("bad.py:Agent", root_dir=jail)

tests/test_loader_coverage_final.py::test_load_agent_exec_fail
  /app/tests/test_loader_coverage_final.py:116: RuntimeSecurityWarning: Host Process Execution: Code in bad.py is executing within the host Python process. Ensure strict governance until Wasm sandboxing is implemented.
    load_agent_from_ref("bad.py:Agent", root_dir=jail)

tests/test_loader_coverage_final.py::test_load_agent_class_missing
  /app/tests/test_loader_coverage_final.py:128: RuntimeSecurityWarning: Dynamic Code Execution: Loading agent from good.py. Ensure this code is trusted.
    load_agent_from_ref("good.py:Agent", root_dir=jail)

tests/test_loader_coverage_final.py::test_load_agent_class_missing
  /app/tests/test_loader_coverage_final.py:128: RuntimeSecurityWarning: Host Process Execution: Code in good.py is executing within the host Python process. Ensure strict governance until Wasm sandboxing is implemented.
    load_agent_from_ref("good.py:Agent", root_dir=jail)

tests/test_loader_coverage_final.py::test_load_agent_spec_fail
  /app/tests/test_loader_coverage_final.py:143: RuntimeSecurityWarning: Dynamic Code Execution: Loading agent from empty.py. Ensure this code is trusted.
    load_agent_from_ref("empty.py:Agent", root_dir=jail)

tests/test_loader_coverage_final.py::test_load_agent_exec_fail_cleanup_deps
  /app/tests/test_loader_coverage_final.py:160: RuntimeSecurityWarning: Dynamic Code Execution: Loading agent from agent_fail.py. Ensure this code is trusted.
    load_agent_from_ref("agent_fail.py:Agent", root_dir=jail)

tests/test_loader_coverage_final.py::test_load_agent_exec_fail_cleanup_deps
  /app/tests/test_loader_coverage_final.py:160: RuntimeSecurityWarning: Host Process Execution: Code in agent_fail.py is executing within the host Python process. Ensure strict governance until Wasm sandboxing is implemented.
    load_agent_from_ref("agent_fail.py:Agent", root_dir=jail)

tests/test_loader_coverage_final.py::test_load_agent_not_a_class
  /app/tests/test_loader_coverage_final.py:191: RuntimeSecurityWarning: Dynamic Code Execution: Loading agent from not_class.py. Ensure this code is trusted.
    load_agent_from_ref("not_class.py:Agent", root_dir=jail)

tests/test_loader_coverage_final.py::test_load_agent_not_a_class
  /app/tests/test_loader_coverage_final.py:191: RuntimeSecurityWarning: Host Process Execution: Code in not_class.py is executing within the host Python process. Ensure strict governance until Wasm sandboxing is implemented.
    load_agent_from_ref("not_class.py:Agent", root_dir=jail)

tests/test_loader_sandbox.py::test_sandboxed_import_resolution
  /app/tests/test_loader_sandbox.py:23: RuntimeSecurityWarning: Dynamic Code Execution: Loading agent from agent.py. Ensure this code is trusted.
    agent_cls = load_agent_from_ref("agent.py:Agent", root_dir=jail)

tests/test_loader_sandbox.py::test_sandboxed_import_resolution
  /app/tests/test_loader_sandbox.py:23: RuntimeSecurityWarning: Host Process Execution: Code in agent.py is executing within the host Python process. Ensure strict governance until Wasm sandboxing is implemented.
    agent_cls = load_agent_from_ref("agent.py:Agent", root_dir=jail)

tests/test_loader_sandbox.py::test_sandboxed_import_isolation
  /app/tests/test_loader_sandbox.py:47: RuntimeSecurityWarning: Dynamic Code Execution: Loading agent from agent.py. Ensure this code is trusted.
    agent1_cls = load_agent_from_ref("agent.py:Agent", root_dir=jail1)

tests/test_loader_sandbox.py::test_sandboxed_import_isolation
  /app/tests/test_loader_sandbox.py:47: RuntimeSecurityWarning: Host Process Execution: Code in agent.py is executing within the host Python process. Ensure strict governance until Wasm sandboxing is implemented.
    agent1_cls = load_agent_from_ref("agent.py:Agent", root_dir=jail1)

tests/test_loader_sandbox.py::test_sandboxed_import_isolation
  /app/tests/test_loader_sandbox.py:53: RuntimeSecurityWarning: Dynamic Code Execution: Loading agent from agent.py. Ensure this code is trusted.
    agent2_cls = load_agent_from_ref("agent.py:Agent", root_dir=jail2)

tests/test_loader_sandbox.py::test_sandboxed_import_isolation
  /app/tests/test_loader_sandbox.py:53: RuntimeSecurityWarning: Host Process Execution: Code in agent.py is executing within the host Python process. Ensure strict governance until Wasm sandboxing is implemented.
    agent2_cls = load_agent_from_ref("agent.py:Agent", root_dir=jail2)

tests/test_loader_security.py::test_loader_ast_import_from_banned
  /app/tests/test_loader_security.py:93: RuntimeSecurityWarning: Host Process Execution: Code in banned.py is executing within the host Python process. Ensure strict governance until Wasm sandboxing is implemented.
    load_agent_from_ref(f"{file_path.name}:Agent", root_dir=tmp_path)

tests/test_loader_security.py::test_loader_ast_relative_import
  /app/tests/test_loader_security.py:108: RuntimeSecurityWarning: Dynamic Code Execution: Loading agent from relative.py. Ensure this code is trusted.
    load_agent_from_ref(f"{file_path.name}:Agent", root_dir=tmp_path)

tests/test_loader_security.py::test_loader_ast_relative_import
  /app/tests/test_loader_security.py:108: RuntimeSecurityWarning: Host Process Execution: Code in relative.py is executing within the host Python process. Ensure strict governance until Wasm sandboxing is implemented.
    load_agent_from_ref(f"{file_path.name}:Agent", root_dir=tmp_path)

tests/test_loader_security.py::test_loader_banned_call
  /app/tests/test_loader_security.py:120: RuntimeSecurityWarning: Host Process Execution: Code in banned_call.py is executing within the host Python process. Ensure strict governance until Wasm sandboxing is implemented.
    load_agent_from_ref(f"{file_path.name}:Agent", root_dir=tmp_path)

tests/test_loader_security.py::test_loader_not_a_class
  /app/tests/test_loader_security.py:132: RuntimeSecurityWarning: Dynamic Code Execution: Loading agent from not_class.py. Ensure this code is trusted.
    load_agent_from_ref(f"{file_path.name}:NotAgent", root_dir=tmp_path)

tests/test_loader_security.py::test_loader_not_a_class
  /app/tests/test_loader_security.py:132: RuntimeSecurityWarning: Host Process Execution: Code in not_class.py is executing within the host Python process. Ensure strict governance until Wasm sandboxing is implemented.
    load_agent_from_ref(f"{file_path.name}:NotAgent", root_dir=tmp_path)

tests/test_loader_security.py::test_loader_success
  /app/tests/test_loader_security.py:144: RuntimeSecurityWarning: Dynamic Code Execution: Loading agent from good.py. Ensure this code is trusted.
    cls = load_agent_from_ref(f"{file_path.name}:Agent", root_dir=tmp_path)

tests/test_loader_security.py::test_loader_success
  /app/tests/test_loader_security.py:144: RuntimeSecurityWarning: Host Process Execution: Code in good.py is executing within the host Python process. Ensure strict governance until Wasm sandboxing is implemented.
    cls = load_agent_from_ref(f"{file_path.name}:Agent", root_dir=tmp_path)

tests/test_refactor_verification.py::test_malicious_agent_ast_check
  /app/tests/test_refactor_verification.py:40: RuntimeSecurityWarning: Host Process Execution: Code in /tmp/pytest-of-jules/pytest-21/test_malicious_agent_ast_check0/evil_agent.py is executing within the host Python process. Ensure strict governance until Wasm sandboxing is implemented.
    load_agent_from_ref(f"{agent_file}:Agent", root_dir=tmp_path)

tests/test_refactor_verification.py::test_malicious_gadget_chain
  /app/tests/test_refactor_verification.py:60: RuntimeSecurityWarning: Host Process Execution: Code in /tmp/pytest-of-jules/pytest-21/test_malicious_gadget_chain0/gadget.py is executing within the host Python process. Ensure strict governance until Wasm sandboxing is implemented.
    load_agent_from_ref(f"{agent_file}:Agent", root_dir=tmp_path)

-- Docs: https://docs.pytest.org/en/stable/how-to/capture-warnings.html
================================ tests coverage ================================
_______________ coverage: platform linux, python 3.12.12-final-0 _______________

Name                                                Stmts   Miss  Cover   Missing
---------------------------------------------------------------------------------
src/coreason_manifest/__init__.py                       8      0   100%
src/coreason_manifest/builder.py                      144      0   100%
src/coreason_manifest/cli.py                           59      0   100%
src/coreason_manifest/spec/__init__.py                  0      0   100%
src/coreason_manifest/spec/common/__init__.py           0      0   100%
src/coreason_manifest/spec/common/presentation.py      10      0   100%
src/coreason_manifest/spec/common_base.py              52      0   100%
src/coreason_manifest/spec/core/__init__.py             7      0   100%
src/coreason_manifest/spec/core/constants.py            4      0   100%
src/coreason_manifest/spec/core/engines.py            130      0   100%
src/coreason_manifest/spec/core/flow.py               123      0   100%
src/coreason_manifest/spec/core/governance.py          84      0   100%
src/coreason_manifest/spec/core/nodes.py               70      0   100%
src/coreason_manifest/spec/core/resilience.py         126      0   100%
src/coreason_manifest/spec/core/tools.py               22      0   100%
src/coreason_manifest/spec/core/types.py               13      0   100%
src/coreason_manifest/spec/interop/__init__.py          0      0   100%
src/coreason_manifest/spec/interop/antibody.py         43      0   100%
src/coreason_manifest/spec/interop/compliance.py       27      0   100%
src/coreason_manifest/spec/interop/exceptions.py       32      0   100%
src/coreason_manifest/spec/interop/otel.py             11      0   100%
src/coreason_manifest/spec/interop/request.py          52      0   100%
src/coreason_manifest/spec/interop/stream.py           23      0   100%
src/coreason_manifest/spec/interop/telemetry.py        67      0   100%
src/coreason_manifest/utils/diff.py                    97      0   100%
src/coreason_manifest/utils/gatekeeper.py             199      0   100%
src/coreason_manifest/utils/integrity.py               87      0   100%
src/coreason_manifest/utils/io.py                      61      0   100%
src/coreason_manifest/utils/langchain_adapter.py        8      0   100%
src/coreason_manifest/utils/loader.py                 194      0   100%
src/coreason_manifest/utils/mcp_adapter.py              4      0   100%
src/coreason_manifest/utils/mock.py                   118      0   100%
src/coreason_manifest/utils/net_utils.py               10      0   100%
src/coreason_manifest/utils/openai_adapter.py          16      0   100%
src/coreason_manifest/utils/privacy.py                 47      0   100%
src/coreason_manifest/utils/recorder.py                25      0   100%
src/coreason_manifest/utils/topology.py                43      0   100%
src/coreason_manifest/utils/validator.py              240      0   100%
src/coreason_manifest/utils/visualizer.py             161      0   100%
---------------------------------------------------------------------------------
TOTAL                                                2417      0   100%
Required test coverage of 100% reached. Total coverage: 100.00%
======================= 434 passed, 39 warnings in 4.72s =======================
