============================= test session starts ==============================
platform linux -- Python 3.12.12, pytest-9.0.2, pluggy-1.6.0
rootdir: /app
configfile: pyproject.toml
testpaths: tests
plugins: cov-7.0.0, asyncio-1.3.0
asyncio: mode=Mode.AUTO, debug=False, asyncio_default_fixture_loop_scope=None, asyncio_default_test_loop_scope=function
collected 242 items

tests/test_adapters_phase4.py ....                                       [  1%]
tests/test_builder.py ............                                       [  6%]
tests/test_cli.py ...........                                            [ 11%]
tests/test_computer_use.py ..                                            [ 11%]
tests/test_core_kernel.py ..                                             [ 12%]
tests/test_coverage_gap.py ......................................        [ 28%]
tests/test_emergence.py ..                                               [ 29%]
tests/test_ensemble_reasoning.py ...                                     [ 30%]
tests/test_flow_schema.py ...                                            [ 31%]
tests/test_full_suite_integrity.py .                                     [ 32%]
tests/test_glass_box_advanced.py ..                                      [ 33%]
tests/test_glass_box_coverage.py ....                                    [ 34%]
tests/test_governance_fixes.py ..........................                [ 45%]
tests/test_governance_tools.py ..                                        [ 46%]
tests/test_graph_rag.py ..                                               [ 47%]
tests/test_greenfield_fixes.py .....                                     [ 49%]
tests/test_integrity_canonical.py ....                                   [ 50%]
tests/test_loader.py ......                                              [ 53%]
tests/test_loader_security.py ...                                        [ 54%]
tests/test_observability.py ..............                               [ 60%]
tests/test_phase2_inspector.py ..                                        [ 61%]
tests/test_phase3_resilience.py ...................................      [ 75%]
tests/test_phase3_templates.py ...                                       [ 76%]
tests/test_phase5_builder.py ....                                        [ 78%]
tests/test_red_teaming.py ..                                             [ 79%]
tests/test_registry_pattern.py ........                                  [ 82%]
tests/test_resilience_diagnosis.py ...                                   [ 83%]
tests/test_s2a_bot.py ....                                               [ 85%]
tests/test_semantic_routing.py ......                                    [ 88%]
tests/test_swarm_integrity.py .                                          [ 88%]
tests/test_validator_phase3a.py .............                            [ 93%]
tests/test_validators.py ...                                             [ 95%]
tests/test_visualizer_coverage.py ...                                    [ 96%]
tests/test_visualizer_phase3b.py .........                               [100%]

================================ tests coverage ================================
_______________ coverage: platform linux, python 3.12.12-final-0 _______________

Name                                                Stmts   Miss  Cover   Missing
---------------------------------------------------------------------------------
src/coreason_manifest/__init__.py                       8      0   100%
src/coreason_manifest/builder.py                      137      0   100%
src/coreason_manifest/cli.py                           59      0   100%
src/coreason_manifest/spec/__init__.py                  0      0   100%
src/coreason_manifest/spec/common/__init__.py           0      0   100%
src/coreason_manifest/spec/common/presentation.py      10      0   100%
src/coreason_manifest/spec/core/__init__.py             7      0   100%
src/coreason_manifest/spec/core/engines.py            121      0   100%
src/coreason_manifest/spec/core/flow.py               105      0   100%
src/coreason_manifest/spec/core/governance.py          40      0   100%
src/coreason_manifest/spec/core/nodes.py               84      0   100%
src/coreason_manifest/spec/core/resilience.py         126      0   100%
src/coreason_manifest/spec/core/tools.py               25      0   100%
src/coreason_manifest/spec/interop/__init__.py          0      0   100%
src/coreason_manifest/spec/interop/otel.py             11      0   100%
src/coreason_manifest/spec/interop/telemetry.py        29      0   100%
src/coreason_manifest/utils/diff.py                    90      0   100%
src/coreason_manifest/utils/gatekeeper.py              91      0   100%
src/coreason_manifest/utils/integrity.py              101      0   100%
src/coreason_manifest/utils/io.py                      51      0   100%
src/coreason_manifest/utils/langchain_adapter.py        8      0   100%
src/coreason_manifest/utils/loader.py                  20      0   100%
src/coreason_manifest/utils/mcp_adapter.py              4      0   100%
src/coreason_manifest/utils/mock.py                    98      0   100%
src/coreason_manifest/utils/openai_adapter.py          16      0   100%
src/coreason_manifest/utils/privacy.py                 47      0   100%
src/coreason_manifest/utils/recorder.py                22      0   100%
src/coreason_manifest/utils/validator.py              152      0   100%
src/coreason_manifest/utils/visualizer.py             162      0   100%
---------------------------------------------------------------------------------
TOTAL                                                1624      0   100%
Required test coverage of 100% reached. Total coverage: 100.00%
============================= 242 passed in 3.37s ==============================
